Using pre-set license
Built from '2020.3/release' branch; Version is '2020.3.1f1 (77a89f25062f) revision 7841951'; Using compiler version '192528614'; Build Type 'Release'
OS: 'Windows 10 Pro; OS build 19041.867; Version 2004; 64bit' Language: 'en' Physical Memory: 16356 MB
BatchMode: 1, IsHumanControllingUs: 0, StartBugReporterOnCrash: 0, Is64bit: 1, IsPro: 0

 COMMAND LINE ARGUMENTS:
C:\Program Files\Unity\Hub\Editor\2020.3.1f1\Editor\Unity.exe
-adb2
-batchMode
-noUpm
-name
AssetImportWorker0
-projectPath
C:/Users/Noah/Documents/git/ProjectNeon/src/ProjectNeon
-logFile
Logs/AssetImportWorker0.log
-srvPort
63732
Successfully changed project path to: C:/Users/Noah/Documents/git/ProjectNeon/src/ProjectNeon
C:/Users/Noah/Documents/git/ProjectNeon/src/ProjectNeon
Using Asset Import Pipeline V2.
Refreshing native plugins compatible for Editor in 90.38 ms, found 1 plugins.
Preloading 0 native plugins for Editor in 0.00 ms.
Initialize engine version: 2020.3.1f1 (77a89f25062f)
[Subsystems] Discovering subsystems at path C:/Program Files/Unity/Hub/Editor/2020.3.1f1/Editor/Data/Resources/UnitySubsystems
[Subsystems] Discovering subsystems at path C:/Users/Noah/Documents/git/ProjectNeon/src/ProjectNeon/Assets
GfxDevice: creating device client; threaded=0
Direct3D:
    Version:  Direct3D 11.0 [level 11.1]
    Renderer: AMD Radeon (TM) R9 390 Series (ID=0x67b0)
    Vendor:   
    VRAM:     8168 MB
    Driver:   27.20.1034.6
Initialize mono
Mono path[0] = 'C:/Program Files/Unity/Hub/Editor/2020.3.1f1/Editor/Data/Managed'
Mono path[1] = 'C:/Program Files/Unity/Hub/Editor/2020.3.1f1/Editor/Data/MonoBleedingEdge/lib/mono/unityjit'
Mono config path = 'C:/Program Files/Unity/Hub/Editor/2020.3.1f1/Editor/Data/MonoBleedingEdge/etc'
Using monoOptions --debugger-agent=transport=dt_socket,embedding=1,server=y,suspend=n,address=127.0.0.1:56836
Begin MonoManager ReloadAssembly
Registering precompiled unity dll's ...
Register platform support module: C:/Program Files/Unity/Hub/Editor/2020.3.1f1/Editor/Data/PlaybackEngines/MacStandaloneSupport/UnityEditor.OSXStandalone.Extensions.dll
Register platform support module: C:/Program Files/Unity/Hub/Editor/2020.3.1f1/Editor/Data/PlaybackEngines/WindowsStandaloneSupport/UnityEditor.WindowsStandalone.Extensions.dll
Registered in 0.003822 seconds.
Native extension for WindowsStandalone target not found
Native extension for OSXStandalone target not found
Refreshing native plugins compatible for Editor in 86.68 ms, found 1 plugins.
Preloading 0 native plugins for Editor in 0.00 ms.
Invoked RoslynAnalysisRunner static constructor.
RoslynAnalysisRunner will not be running.
RoslynAnalysisRunner has terminated.
Mono: successfully reloaded assembly
- Completed reload, in  1.477 seconds
Platform modules already initialized, skipping
Registering precompiled user dll's ...
Registered in 0.005946 seconds.
Begin MonoManager ReloadAssembly
Native extension for WindowsStandalone target not found
Native extension for OSXStandalone target not found
Refreshing native plugins compatible for Editor in 0.75 ms, found 1 plugins.
Preloading 0 native plugins for Editor in 0.00 ms.
Invoked RoslynAnalysisRunner static constructor.
RoslynAnalysisRunner will not be running.
RoslynAnalysisRunner has terminated.
Mono: successfully reloaded assembly
- Completed reload, in  1.102 seconds
Platform modules already initialized, skipping
========================================================================
Worker process is ready to serve import requests
Launched and connected shader compiler UnityShaderCompiler.exe after 0.07 seconds
Refreshing native plugins compatible for Editor in 0.76 ms, found 1 plugins.
Preloading 0 native plugins for Editor in 0.00 ms.
Unloading 2801 Unused Serialized files (Serialized files now loaded: 0)
System memory in use before: 188.1 MB.
System memory in use after: 188.3 MB.

Unloading 20 unused Assets to reduce memory usage. Loaded Objects now: 3263.
Total: 2.416600 ms (FindLiveObjects: 0.375800 ms CreateObjectMapping: 0.195800 ms MarkObjects: 1.809900 ms  DeleteObjects: 0.033900 ms)

========================================================================
Received Import Request.
  path: Assets/Data/Heroes/Soldier
  artifactKey: Guid(3641372fe20235c4d877a2d9093fb562) Importer(815301076,1909f56bfc062723c751e8b465ee728b)
Start importing Assets/Data/Heroes/Soldier using Guid(3641372fe20235c4d877a2d9093fb562) Importer(815301076,1909f56bfc062723c751e8b465ee728b)  -> (artifact id: '47a7549d28b0aabdfb09c9c392c85bf7') in 0.007792 seconds
  Import took 0.012672 seconds .

========================================================================
Received Import Request.
  Time since last request: 19.254133 seconds.
  path: Assets/Art/VFX
  artifactKey: Guid(99e4d952cfb80d943a0426692c6d3b8d) Importer(815301076,1909f56bfc062723c751e8b465ee728b)
Start importing Assets/Art/VFX using Guid(99e4d952cfb80d943a0426692c6d3b8d) Importer(815301076,1909f56bfc062723c751e8b465ee728b)  -> (artifact id: '8904dbc1c9ba5adb055f95b49d736968') in 0.010758 seconds
  Import took 0.019769 seconds .

========================================================================
Received Import Request.
  Time since last request: 0.000912 seconds.
  path: Assets/Art/VFX
  artifactKey: Guid(99e4d952cfb80d943a0426692c6d3b8d) Importer(815301076,1909f56bfc062723c751e8b465ee728b)
Start importing Assets/Art/VFX using Guid(99e4d952cfb80d943a0426692c6d3b8d) Importer(815301076,1909f56bfc062723c751e8b465ee728b)  -> (artifact id: '8904dbc1c9ba5adb055f95b49d736968') in 0.005479 seconds
  Import took 0.011898 seconds .

========================================================================
Received Import Request.
  Time since last request: 2.262677 seconds.
  path: Assets/Scenes
  artifactKey: Guid(3d0f17b9427f0c9458cd4113831e6e7e) Importer(815301076,1909f56bfc062723c751e8b465ee728b)
Start importing Assets/Scenes using Guid(3d0f17b9427f0c9458cd4113831e6e7e) Importer(815301076,1909f56bfc062723c751e8b465ee728b)  -> (artifact id: 'd892a11da228f91f288dde0986085624') in 0.005423 seconds
  Import took 0.014388 seconds .

========================================================================
Received Import Request.
  Time since last request: 0.001066 seconds.
  path: Assets/Scenes
  artifactKey: Guid(3d0f17b9427f0c9458cd4113831e6e7e) Importer(815301076,1909f56bfc062723c751e8b465ee728b)
Start importing Assets/Scenes using Guid(3d0f17b9427f0c9458cd4113831e6e7e) Importer(815301076,1909f56bfc062723c751e8b465ee728b)  -> (artifact id: 'd892a11da228f91f288dde0986085624') in 0.004985 seconds
  Import took 0.012296 seconds .

========================================================================
Received Import Request.
  Time since last request: 19.766560 seconds.
  path: Assets/Art/UI/mouse-left-button.png
  artifactKey: Guid(899ec4c5de1736840b44a7dc2aa3c14b) Importer(815301076,1909f56bfc062723c751e8b465ee728b)
Start importing Assets/Art/UI/mouse-left-button.png using Guid(899ec4c5de1736840b44a7dc2aa3c14b) Importer(815301076,1909f56bfc062723c751e8b465ee728b)  -> (artifact id: 'd913127864d0322634cd00e9417ab67f') in 0.232064 seconds
  Import took 0.237774 seconds .

========================================================================
Received Import Request.
  Time since last request: 0.000406 seconds.
  path: Assets/Art/UI/mouse-right-button.png
  artifactKey: Guid(6a2fc76d51eeb7e478964ebba8544f6f) Importer(815301076,1909f56bfc062723c751e8b465ee728b)
Start importing Assets/Art/UI/mouse-right-button.png using Guid(6a2fc76d51eeb7e478964ebba8544f6f) Importer(815301076,1909f56bfc062723c751e8b465ee728b)  -> (artifact id: 'b63754b9426a6ec5d615e724b37ed7f8') in 0.014451 seconds
  Import took 0.019917 seconds .

========================================================================
Received Import Request.
  Time since last request: 0.000359 seconds.
  path: Assets/Art/UI/mouse-middle-button-32px.png
  artifactKey: Guid(00e0b7111f58321488c6c6281f38e33d) Importer(815301076,1909f56bfc062723c751e8b465ee728b)
Start importing Assets/Art/UI/mouse-middle-button-32px.png using Guid(00e0b7111f58321488c6c6281f38e33d) Importer(815301076,1909f56bfc062723c751e8b465ee728b)  -> (artifact id: '04bfd87e63d1b334c6c22e083042d527') in 0.023487 seconds
  Import took 0.029621 seconds .

========================================================================
Received Import Request.
  Time since last request: 0.000478 seconds.
  path: Assets/Art/UI/mouse-left-button-32px.png
  artifactKey: Guid(991d8298518259c4cb816f0a4bd16206) Importer(815301076,1909f56bfc062723c751e8b465ee728b)
Start importing Assets/Art/UI/mouse-left-button-32px.png using Guid(991d8298518259c4cb816f0a4bd16206) Importer(815301076,1909f56bfc062723c751e8b465ee728b)  -> (artifact id: '85ac99581e298984990df8821a08dc88') in 0.016590 seconds
  Import took 0.023138 seconds .

========================================================================
Received Import Request.
  Time since last request: 0.000291 seconds.
  path: Assets/Art/UI/mouse-right-button-32px.png
  artifactKey: Guid(356abd8a96178b1468397bb112c25f5b) Importer(815301076,1909f56bfc062723c751e8b465ee728b)
Start importing Assets/Art/UI/mouse-right-button-32px.png using Guid(356abd8a96178b1468397bb112c25f5b) Importer(815301076,1909f56bfc062723c751e8b465ee728b)  -> (artifact id: '9e87a8f705b0dcb16345b71a13c4de5d') in 0.013236 seconds
  Import took 0.020448 seconds .

========================================================================
Received Import Request.
  Time since last request: 0.000530 seconds.
  path: Assets/Art/UI/mouse-left-button-32px.png
  artifactKey: Guid(991d8298518259c4cb816f0a4bd16206) Importer(815301076,1909f56bfc062723c751e8b465ee728b)
Start importing Assets/Art/UI/mouse-left-button-32px.png using Guid(991d8298518259c4cb816f0a4bd16206) Importer(815301076,1909f56bfc062723c751e8b465ee728b)  -> (artifact id: '85ac99581e298984990df8821a08dc88') in 0.011749 seconds
  Import took 0.022011 seconds .

========================================================================
Received Import Request.
  Time since last request: 0.001834 seconds.
  path: Assets/Prefabs/MouseControls.prefab
  artifactKey: Guid(e2fe0c5a0011a394fa30963f16e16289) Importer(815301076,1909f56bfc062723c751e8b465ee728b)
Start importing Assets/Prefabs/MouseControls.prefab using Guid(e2fe0c5a0011a394fa30963f16e16289) Importer(815301076,1909f56bfc062723c751e8b465ee728b)  -> (artifact id: '4e17635c4115d005c9d66de93805491b') in 0.437800 seconds
  Import took 0.461522 seconds .

========================================================================
Received Import Request.
  Time since last request: 16.108745 seconds.
  path: Assets/Data/VFX/BattleVFX-Target1.asset
  artifactKey: Guid(c280ce9d79081424a93be4b8b7944371) Importer(815301076,1909f56bfc062723c751e8b465ee728b)
Start importing Assets/Data/VFX/BattleVFX-Target1.asset using Guid(c280ce9d79081424a93be4b8b7944371) Importer(815301076,1909f56bfc062723c751e8b465ee728b)  -> (artifact id: '2d204cc3ece607c2b66399acbe88124e') in 0.007735 seconds
  Import took 0.014128 seconds .

========================================================================
Received Import Request.
  Time since last request: 0.020682 seconds.
  path: Assets/Data/VFX/BattleVFX-Target1.asset
  artifactKey: Guid(c280ce9d79081424a93be4b8b7944371) Importer(815301076,1909f56bfc062723c751e8b465ee728b)
Start importing Assets/Data/VFX/BattleVFX-Target1.asset using Guid(c280ce9d79081424a93be4b8b7944371) Importer(815301076,1909f56bfc062723c751e8b465ee728b)  -> (artifact id: '2d204cc3ece607c2b66399acbe88124e') in 0.006324 seconds
  Import took 0.012845 seconds .

========================================================================
Received Import Request.
  Time since last request: 62.712358 seconds.
  path: Assets/State/BattlePlayerTargetingState.asset
  artifactKey: Guid(20a4cf61caaf22543944f4179628fc5f) Importer(815301076,1909f56bfc062723c751e8b465ee728b)
Start importing Assets/State/BattlePlayerTargetingState.asset using Guid(20a4cf61caaf22543944f4179628fc5f) Importer(815301076,1909f56bfc062723c751e8b465ee728b)  -> (artifact id: '023119bccc879bed3b9f88e05612b07f') in 0.008762 seconds
  Import took 0.015443 seconds .

========================================================================
Received Import Request.
  Time since last request: 0.000303 seconds.
  path: Assets/State/BattlePlayerTargetingStateV2.asset
  artifactKey: Guid(e8575dfb64936fa419bdae05533b9129) Importer(815301076,1909f56bfc062723c751e8b465ee728b)
Start importing Assets/State/BattlePlayerTargetingStateV2.asset using Guid(e8575dfb64936fa419bdae05533b9129) Importer(815301076,1909f56bfc062723c751e8b465ee728b)  -> (artifact id: 'beadce8a4f87952d69943cb2d2d2d85e') in 0.331008 seconds
  Import took 0.349152 seconds .

========================================================================
Received Import Request.
  Time since last request: 0.000608 seconds.
  path: Assets/Art/Sprites/Cards/group-target-icon.png
  artifactKey: Guid(4e5a5948ff4fa7249906e4d9d5fb35fa) Importer(815301076,1909f56bfc062723c751e8b465ee728b)
Start importing Assets/Art/Sprites/Cards/group-target-icon.png using Guid(4e5a5948ff4fa7249906e4d9d5fb35fa) Importer(815301076,1909f56bfc062723c751e8b465ee728b)  -> (artifact id: 'b6f4f683dca800344e134313e38586f1') in 0.015775 seconds
  Import took 0.023370 seconds .

========================================================================
Received Import Request.
  Time since last request: 0.000450 seconds.
  path: Assets/Data/Enemies/Bosses/Boss-Mainframe/Cards/TrackTarget/Mainframe_TrackTarget1.asset
  artifactKey: Guid(e09aaf6359ce00e43bd36445d57ae1d9) Importer(815301076,1909f56bfc062723c751e8b465ee728b)
Start importing Assets/Data/Enemies/Bosses/Boss-Mainframe/Cards/TrackTarget/Mainframe_TrackTarget1.asset using Guid(e09aaf6359ce00e43bd36445d57ae1d9) Importer(815301076,1909f56bfc062723c751e8b465ee728b)  -> (artifact id: 'c84fe78b82950930291c261a83b52fb3') in 0.013938 seconds
  Import took 0.030176 seconds .

========================================================================
Received Import Request.
  Time since last request: 0.000404 seconds.
  path: Assets/Art/Sprites/Cards/SkillArt/DesignateTarget01.png
  artifactKey: Guid(b599737cdb8b2b14e98ba2316f1e8ce1) Importer(815301076,1909f56bfc062723c751e8b465ee728b)
Start importing Assets/Art/Sprites/Cards/SkillArt/DesignateTarget01.png using Guid(b599737cdb8b2b14e98ba2316f1e8ce1) Importer(815301076,1909f56bfc062723c751e8b465ee728b)  -> (artifact id: 'faa033b7837bbf0fa8fa6b9dfbe6e3fe') in 0.017689 seconds
  Import took 0.027159 seconds .

========================================================================
Received Import Request.
  Time since last request: 0.000521 seconds.
  path: Assets/Data/Enemies/Normal/Leader-Hypervisor/Cards/Enemy_DesignateTarget.asset
  artifactKey: Guid(b9e0eb5244bf2884190a107363dae9dc) Importer(815301076,1909f56bfc062723c751e8b465ee728b)
Start importing Assets/Data/Enemies/Normal/Leader-Hypervisor/Cards/Enemy_DesignateTarget.asset using Guid(b9e0eb5244bf2884190a107363dae9dc) Importer(815301076,1909f56bfc062723c751e8b465ee728b)  -> (artifact id: '682702bca781a3de7bd43beff9afc807') in 0.013856 seconds
  Import took 0.021211 seconds .

========================================================================
Received Import Request.
  Time since last request: 0.000754 seconds.
  path: Assets/Art/Sprites/Cards/SkillArt/DesignateTarget01.png
  artifactKey: Guid(b599737cdb8b2b14e98ba2316f1e8ce1) Importer(815301076,1909f56bfc062723c751e8b465ee728b)
Start importing Assets/Art/Sprites/Cards/SkillArt/DesignateTarget01.png using Guid(b599737cdb8b2b14e98ba2316f1e8ce1) Importer(815301076,1909f56bfc062723c751e8b465ee728b)  -> (artifact id: 'faa033b7837bbf0fa8fa6b9dfbe6e3fe') in 0.014573 seconds
  Import took 0.024192 seconds .

========================================================================
Received Import Request.
  Time since last request: 0.000487 seconds.
  path: Assets/Data/Enemies/Normal/Leader-Hypervisor/Cards/Enemy_DesignateTarget_E.asset
  artifactKey: Guid(3d1e01a1521393141a8940f33b1bd633) Importer(815301076,1909f56bfc062723c751e8b465ee728b)
Start importing Assets/Data/Enemies/Normal/Leader-Hypervisor/Cards/Enemy_DesignateTarget_E.asset using Guid(3d1e01a1521393141a8940f33b1bd633) Importer(815301076,1909f56bfc062723c751e8b465ee728b)  -> (artifact id: '866086300d80516332c4069b159c766e') in 0.006220 seconds
  Import took 0.016564 seconds .

========================================================================
Received Import Request.
  Time since last request: 0.000331 seconds.
  path: Assets/Data/Enemies/Bosses/Boss-Mainframe/Cards/TrackTarget/Mainframe_TrackTarget2.asset
  artifactKey: Guid(9897e15dd444bb84a99da15913e66701) Importer(815301076,1909f56bfc062723c751e8b465ee728b)
Start importing Assets/Data/Enemies/Bosses/Boss-Mainframe/Cards/TrackTarget/Mainframe_TrackTarget2.asset using Guid(9897e15dd444bb84a99da15913e66701) Importer(815301076,1909f56bfc062723c751e8b465ee728b)  -> (artifact id: '14ae3e38c72e3e4f53641b654d5a633c') in 0.010319 seconds
  Import took 0.016131 seconds .

========================================================================
Received Import Request.
  Time since last request: 0.000310 seconds.
  path: Assets/Data/Enemies/Bosses/Boss-Mainframe/Cards/TrackTarget/Mainframe_TrackTarget_AttackBuff.asset
  artifactKey: Guid(c75f982e4743a2e499a467b97413b752) Importer(815301076,1909f56bfc062723c751e8b465ee728b)
Start importing Assets/Data/Enemies/Bosses/Boss-Mainframe/Cards/TrackTarget/Mainframe_TrackTarget_AttackBuff.asset using Guid(c75f982e4743a2e499a467b97413b752) Importer(815301076,1909f56bfc062723c751e8b465ee728b)  -> (artifact id: 'dc7f804b8e47ebf70fc2d573ffc34538') in 0.005161 seconds
  Import took 0.010990 seconds .

========================================================================
Received Import Request.
  Time since last request: 0.000576 seconds.
  path: Assets/Data/Enemies/Bosses/Boss-Mainframe/Cards/TrackTarget/Mainframe_TrackTarget2.asset
  artifactKey: Guid(9897e15dd444bb84a99da15913e66701) Importer(815301076,1909f56bfc062723c751e8b465ee728b)
Start importing Assets/Data/Enemies/Bosses/Boss-Mainframe/Cards/TrackTarget/Mainframe_TrackTarget2.asset using Guid(9897e15dd444bb84a99da15913e66701) Importer(815301076,1909f56bfc062723c751e8b465ee728b)  -> (artifact id: '14ae3e38c72e3e4f53641b654d5a633c') in 0.006299 seconds
  Import took 0.012348 seconds .

========================================================================
Received Import Request.
  Time since last request: 0.000256 seconds.
  path: Assets/Data/Enemies/Bosses/Boss-Mainframe/Cards/TrackTarget/Mainframe_TrackTarget_Vulnerable.asset
  artifactKey: Guid(79f0fb0e645b3d648ba27e6e07bc9320) Importer(815301076,1909f56bfc062723c751e8b465ee728b)
Start importing Assets/Data/Enemies/Bosses/Boss-Mainframe/Cards/TrackTarget/Mainframe_TrackTarget_Vulnerable.asset using Guid(79f0fb0e645b3d648ba27e6e07bc9320) Importer(815301076,1909f56bfc062723c751e8b465ee728b)  -> (artifact id: 'd6762377a07c8ec0c43c36d47873abca') in 0.005355 seconds
  Import took 0.011216 seconds .

========================================================================
Received Import Request.
  Time since last request: 0.000352 seconds.
  path: Assets/Features/Battle/Events/PlayerCardTargetSelectionFinished.asset
  artifactKey: Guid(26a6fe037cb009541bef5a1546d98b6f) Importer(815301076,1909f56bfc062723c751e8b465ee728b)
Start importing Assets/Features/Battle/Events/PlayerCardTargetSelectionFinished.asset using Guid(26a6fe037cb009541bef5a1546d98b6f) Importer(815301076,1909f56bfc062723c751e8b465ee728b)  -> (artifact id: '58dbdd0716adaae20437ec91f4f6ac13') in 0.008376 seconds
  Import took 0.014279 seconds .

========================================================================
Received Import Request.
  Time since last request: 11.969562 seconds.
  path: Assets/Features/Battle/Events/PlayerCardTargetSelectionStarted.asset
  artifactKey: Guid(bee72d36bb5bc2d49bef2f58d641cfbc) Importer(815301076,1909f56bfc062723c751e8b465ee728b)
Start importing Assets/Features/Battle/Events/PlayerCardTargetSelectionStarted.asset using Guid(bee72d36bb5bc2d49bef2f58d641cfbc) Importer(815301076,1909f56bfc062723c751e8b465ee728b)  -> (artifact id: 'a601c1ea7b5fad5b7aa0e1a34e797803') in 0.006427 seconds
  Import took 0.013017 seconds .

========================================================================
Received Import Request.
  Time since last request: 0.000436 seconds.
  path: Assets/Features/Battle/Events/PlayerTargetCardSelectionZoneChanged.asset
  artifactKey: Guid(9e6cdccbb5cc0be459c51105ce9d8335) Importer(815301076,1909f56bfc062723c751e8b465ee728b)
Start importing Assets/Features/Battle/Events/PlayerTargetCardSelectionZoneChanged.asset using Guid(9e6cdccbb5cc0be459c51105ce9d8335) Importer(815301076,1909f56bfc062723c751e8b465ee728b)  -> (artifact id: '2e04844e4d6b8dadda20fcee42716095') in 0.006063 seconds
  Import took 0.011380 seconds .

========================================================================
Received Import Request.
  Time since last request: 0.000315 seconds.
  path: Assets/Features/Battle/Events/PlayerTargetChanged.asset
  artifactKey: Guid(e7f42b5b957b6eb45b6010685b944256) Importer(815301076,1909f56bfc062723c751e8b465ee728b)
Start importing Assets/Features/Battle/Events/PlayerTargetChanged.asset using Guid(e7f42b5b957b6eb45b6010685b944256) Importer(815301076,1909f56bfc062723c751e8b465ee728b)  -> (artifact id: '4c6210893b276ce23dc07f12f7529631') in 0.010225 seconds
  Import took 0.018986 seconds .

========================================================================
Received Import Request.
  Time since last request: 0.000515 seconds.
  path: Assets/Data/Heroes/RiotSec/Cards/RiotSec_DesignateTarget.asset
  artifactKey: Guid(7d7b4398041f5c54ea9c353da2610d42) Importer(815301076,1909f56bfc062723c751e8b465ee728b)
Start importing Assets/Data/Heroes/RiotSec/Cards/RiotSec_DesignateTarget.asset using Guid(7d7b4398041f5c54ea9c353da2610d42) Importer(815301076,1909f56bfc062723c751e8b465ee728b)  -> (artifact id: '95267dd5aa13de5d751005e05c4092ab') in 0.013582 seconds
  Import took 0.020034 seconds .

========================================================================
Received Import Request.
  Time since last request: 0.000191 seconds.
  path: Assets/State/PlayerTargetSelectionZone.asset
  artifactKey: Guid(3717d6c6fb916bc4bbd27677b1d617d1) Importer(815301076,1909f56bfc062723c751e8b465ee728b)
Start importing Assets/State/PlayerTargetSelectionZone.asset using Guid(3717d6c6fb916bc4bbd27677b1d617d1) Importer(815301076,1909f56bfc062723c751e8b465ee728b)  -> (artifact id: '556f34d0a976dbcaa26ec20cd17ceb1e') in 0.006030 seconds
  Import took 0.014541 seconds .

========================================================================
Received Import Request.
  Time since last request: 5.357444 seconds.
  path: Assets/Data/Heroes/RiotSec/Cards/RiotSec_DesignateTarget_E.asset
  artifactKey: Guid(4f31c9b2d0ba0ef4395716a4dac9deed) Importer(815301076,1909f56bfc062723c751e8b465ee728b)
Start importing Assets/Data/Heroes/RiotSec/Cards/RiotSec_DesignateTarget_E.asset using Guid(4f31c9b2d0ba0ef4395716a4dac9deed) Importer(815301076,1909f56bfc062723c751e8b465ee728b)  -> (artifact id: '28629d5eac4c35af17f2f3e0e866db32') in 0.006739 seconds
  Import took 0.012753 seconds .

========================================================================
Received Import Request.
  Time since last request: 0.000606 seconds.
  path: Assets/Data/Enemies/Minion/SeekerDrone/Cards/TargetLocked/SeekerDrone_TargetLocked_E.asset
  artifactKey: Guid(320f04d5c599b9d49a783605fd263f3b) Importer(815301076,1909f56bfc062723c751e8b465ee728b)
Start importing Assets/Data/Enemies/Minion/SeekerDrone/Cards/TargetLocked/SeekerDrone_TargetLocked_E.asset using Guid(320f04d5c599b9d49a783605fd263f3b) Importer(815301076,1909f56bfc062723c751e8b465ee728b)  -> (artifact id: '0d6f2e81e21a4c79083c216dc20cdca3') in 0.005619 seconds
  Import took 0.012038 seconds .

========================================================================
Received Import Request.
  Time since last request: 0.000945 seconds.
  path: Assets/Data/Enemies/Minion/SeekerDrone/Cards/TargetLocked/SeekerDrone_TargetLocked.asset
  artifactKey: Guid(292c5a425cc7e3343872c2858201a16d) Importer(815301076,1909f56bfc062723c751e8b465ee728b)
Start importing Assets/Data/Enemies/Minion/SeekerDrone/Cards/TargetLocked/SeekerDrone_TargetLocked.asset using Guid(292c5a425cc7e3343872c2858201a16d) Importer(815301076,1909f56bfc062723c751e8b465ee728b)  -> (artifact id: 'fb42e3ea059bc5d5a6dff2a6efa17f13') in 0.010045 seconds
  Import took 0.018773 seconds .

========================================================================
Received Import Request.
  Time since last request: 0.020723 seconds.
  path: Assets/Art/Sprites/Cards/single-target-icon.png
  artifactKey: Guid(47998e5eb60c6ba429b92a280f9de3f5) Importer(815301076,1909f56bfc062723c751e8b465ee728b)
Start importing Assets/Art/Sprites/Cards/single-target-icon.png using Guid(47998e5eb60c6ba429b92a280f9de3f5) Importer(815301076,1909f56bfc062723c751e8b465ee728b)  -> (artifact id: '7aa2d7d59e14c31222a8be469ce01616') in 0.013511 seconds
  Import took 0.019694 seconds .

========================================================================
Received Import Request.
  Time since last request: 0.000321 seconds.
  path: Assets/Prefabs/TargetArrow.prefab
  artifactKey: Guid(d91cf44203e4b9f40a59d8fe3176ebe8) Importer(815301076,1909f56bfc062723c751e8b465ee728b)
Start importing Assets/Prefabs/TargetArrow.prefab using Guid(d91cf44203e4b9f40a59d8fe3176ebe8) Importer(815301076,1909f56bfc062723c751e8b465ee728b)  -> (artifact id: '465ae73cb78c3788bad22213693ae154') in 0.015264 seconds
  Import took 0.020751 seconds .

========================================================================
Received Import Request.
  Time since last request: 3.926543 seconds.
  path: Assets/Prefabs/TargetArrowController.prefab
  artifactKey: Guid(d00376b9b9582de4ba35985dde513f2a) Importer(815301076,1909f56bfc062723c751e8b465ee728b)
Start importing Assets/Prefabs/TargetArrowController.prefab using Guid(d00376b9b9582de4ba35985dde513f2a) Importer(815301076,1909f56bfc062723c751e8b465ee728b)  -> (artifact id: '0bcff13cd65c20b27aca7eadd8c13c00') in 0.008465 seconds
  Import took 0.014610 seconds .

========================================================================
Received Import Request.
  Time since last request: 0.000595 seconds.
  path: Assets/Art/Materials/TargetHighlightedSprite.mat
  artifactKey: Guid(5a1ff2e690b01dd458b4d7db975f233c) Importer(815301076,1909f56bfc062723c751e8b465ee728b)
Start importing Assets/Art/Materials/TargetHighlightedSprite.mat using Guid(5a1ff2e690b01dd458b4d7db975f233c) Importer(815301076,1909f56bfc062723c751e8b465ee728b)  -> (artifact id: '4f5b039e7f54e1d887591db35971d01b') in 0.109480 seconds
  Import took 0.115243 seconds .

========================================================================
Received Import Request.
  Time since last request: 0.000349 seconds.
  path: Assets/Features/BattleV2/Targeting/TargetSelection.prefab
  artifactKey: Guid(1f696906b3e01be45a4f5d3b6a5c7ea0) Importer(815301076,1909f56bfc062723c751e8b465ee728b)
Start importing Assets/Features/BattleV2/Targeting/TargetSelection.prefab using Guid(1f696906b3e01be45a4f5d3b6a5c7ea0) Importer(815301076,1909f56bfc062723c751e8b465ee728b)  -> (artifact id: 'b5a639a628ea7b3b82f16d50aa564d0b') in 0.020553 seconds
  Import took 0.031262 seconds .

========================================================================
Received Import Request.
  Time since last request: 4.935796 seconds.
  path: Assets/Art/Sprites/Adventures/VFX/Hovl/VFX_Target1.prefab
  artifactKey: Guid(cbad7fc46f96e0249aba222db08d253d) Importer(815301076,1909f56bfc062723c751e8b465ee728b)
Start importing Assets/Art/Sprites/Adventures/VFX/Hovl/VFX_Target1.prefab using Guid(cbad7fc46f96e0249aba222db08d253d) Importer(815301076,1909f56bfc062723c751e8b465ee728b)  -> (artifact id: '8b0d479721ceb276da92e0f24ad9be1c') in 0.008494 seconds
  Import took 0.014884 seconds .

========================================================================
Received Import Request.
  Time since last request: 0.000637 seconds.
  path: Assets/Art/Sprites/Adventures/VFX/Hovl/VFX_Targets.prefab
  artifactKey: Guid(8d884de1402c00c4ca42a880d6508940) Importer(815301076,1909f56bfc062723c751e8b465ee728b)
Start importing Assets/Art/Sprites/Adventures/VFX/Hovl/VFX_Targets.prefab using Guid(8d884de1402c00c4ca42a880d6508940) Importer(815301076,1909f56bfc062723c751e8b465ee728b)  -> (artifact id: '8ef40b4a1941349e820f8c034660031e') in 0.007933 seconds
  Import took 0.014227 seconds .

========================================================================
Received Import Request.
  Time since last request: 6.009397 seconds.
  path: Assets/Plugins/Hovl Studio/RPG VFX Bundle/Models/CylinderFromGround.fbx
  artifactKey: Guid(82dbd8e3418cba140afc86fa4b355d35) Importer(815301076,1909f56bfc062723c751e8b465ee728b)
Start importing Assets/Plugins/Hovl Studio/RPG VFX Bundle/Models/CylinderFromGround.fbx using Guid(82dbd8e3418cba140afc86fa4b355d35) Importer(815301076,1909f56bfc062723c751e8b465ee728b)  -> (artifact id: '8a77a72b2932b1c3bd1f049f5a3f7577') in 0.334835 seconds
  Import took 0.341012 seconds .

========================================================================
Received Import Request.
  Time since last request: 17.609058 seconds.
  path: Assets/Plugins/Hovl Studio/RPG VFX Bundle/Materials/MaskPoint1.mat
  artifactKey: Guid(0ae5b07cb509ca04ab936aa7e86e8ce9) Importer(815301076,1909f56bfc062723c751e8b465ee728b)
Start importing Assets/Plugins/Hovl Studio/RPG VFX Bundle/Materials/MaskPoint1.mat using Guid(0ae5b07cb509ca04ab936aa7e86e8ce9) Importer(815301076,1909f56bfc062723c751e8b465ee728b)  -> (artifact id: '3b43be612d11a579c2a4cfcdf4ce002f') in 0.017662 seconds
  Import took 0.024477 seconds .

========================================================================
Received Import Request.
  Time since last request: 0.019540 seconds.
  path: Assets/Plugins/Hovl Studio/RPG VFX Bundle/Materials/MaskPoint1.mat
  artifactKey: Guid(0ae5b07cb509ca04ab936aa7e86e8ce9) Importer(815301076,1909f56bfc062723c751e8b465ee728b)
Start importing Assets/Plugins/Hovl Studio/RPG VFX Bundle/Materials/MaskPoint1.mat using Guid(0ae5b07cb509ca04ab936aa7e86e8ce9) Importer(815301076,1909f56bfc062723c751e8b465ee728b)  -> (artifact id: '3b43be612d11a579c2a4cfcdf4ce002f') in 0.011846 seconds
  Import took 0.018715 seconds .

========================================================================
Received Prepare
Registering precompiled user dll's ...
Registered in 0.017463 seconds.
Begin MonoManager ReloadAssembly
Native extension for WindowsStandalone target not found
Native extension for OSXStandalone target not found
Refreshing native plugins compatible for Editor in 1.44 ms, found 1 plugins.
Preloading 0 native plugins for Editor in 0.00 ms.
Invoked RoslynAnalysisRunner static constructor.
RoslynAnalysisRunner will not be running.
RoslynAnalysisRunner has terminated.
Mono: successfully reloaded assembly
- Completed reload, in  1.484 seconds
Platform modules already initialized, skipping
Refreshing native plugins compatible for Editor in 1.36 ms, found 1 plugins.
Preloading 0 native plugins for Editor in 0.00 ms.
Unloading 2831 Unused Serialized files (Serialized files now loaded: 0)
System memory in use before: 192.1 MB.
System memory in use after: 191.6 MB.

Unloading 24 unused Assets to reduce memory usage. Loaded Objects now: 3392.
Total: 2.945700 ms (FindLiveObjects: 0.334200 ms CreateObjectMapping: 0.170400 ms MarkObjects: 2.042300 ms  DeleteObjects: 0.397100 ms)

========================================================================
Received Import Request.
  Time since last request: 493.042453 seconds.
  path: Assets/Plugins/CharacterCreator2D/Data/Scripts/Character/SetupData.cs
  artifactKey: Guid(8bce4360bafe50e49851684010706dae) Importer(815301076,1909f56bfc062723c751e8b465ee728b)
Start importing Assets/Plugins/CharacterCreator2D/Data/Scripts/Character/SetupData.cs using Guid(8bce4360bafe50e49851684010706dae) Importer(815301076,1909f56bfc062723c751e8b465ee728b)  -> (artifact id: '73ed02d80d15cb9307f6c7cdde711d5e') in 0.023003 seconds
  Import took 0.029540 seconds .

========================================================================
Received Import Request.
  Time since last request: 0.013702 seconds.
  path: Assets/Plugins/CharacterCreator2D/Data/Scripts/Character/SetupData.cs
  artifactKey: Guid(8bce4360bafe50e49851684010706dae) Importer(815301076,1909f56bfc062723c751e8b465ee728b)
Start importing Assets/Plugins/CharacterCreator2D/Data/Scripts/Character/SetupData.cs using Guid(8bce4360bafe50e49851684010706dae) Importer(815301076,1909f56bfc062723c751e8b465ee728b)  -> (artifact id: '73ed02d80d15cb9307f6c7cdde711d5e') in 0.004399 seconds
  Import took 0.011521 seconds .

========================================================================
Received Import Request.
  Time since last request: 108.022897 seconds.
  path: Assets/Plugins/CharacterCreator2D/Data/Scripts/Character/MaterialData.cs
  artifactKey: Guid(36322f1acb633244bac8ef93f1940d6a) Importer(815301076,1909f56bfc062723c751e8b465ee728b)
Start importing Assets/Plugins/CharacterCreator2D/Data/Scripts/Character/MaterialData.cs using Guid(36322f1acb633244bac8ef93f1940d6a) Importer(815301076,1909f56bfc062723c751e8b465ee728b)  -> (artifact id: '3b1f043ad1cc352029a15301106f4908') in 0.011449 seconds
  Import took 0.021191 seconds .

========================================================================
Received Import Request.
  Time since last request: 2.427367 seconds.
  path: Assets/Plugins/CharacterCreator2D
  artifactKey: Guid(14f25e2e4cfc057449a8e29355dcaa0c) Importer(815301076,1909f56bfc062723c751e8b465ee728b)
Start importing Assets/Plugins/CharacterCreator2D using Guid(14f25e2e4cfc057449a8e29355dcaa0c) Importer(815301076,1909f56bfc062723c751e8b465ee728b)  -> (artifact id: '155e782f1d75f0f53a99897a8eb3ed6c') in 0.011038 seconds
  Import took 0.017179 seconds .

========================================================================
Received Prepare
Registering precompiled user dll's ...
Registered in 0.006006 seconds.
Begin MonoManager ReloadAssembly
Native extension for WindowsStandalone target not found
Native extension for OSXStandalone target not found
Refreshing native plugins compatible for Editor in 0.98 ms, found 1 plugins.
Preloading 0 native plugins for Editor in 0.00 ms.
Invoked RoslynAnalysisRunner static constructor.
RoslynAnalysisRunner will not be running.
RoslynAnalysisRunner has terminated.
Mono: successfully reloaded assembly
- Completed reload, in  1.263 seconds
Platform modules already initialized, skipping
Refreshing native plugins compatible for Editor in 1.14 ms, found 1 plugins.
Preloading 0 native plugins for Editor in 0.00 ms.
Unloading 2831 Unused Serialized files (Serialized files now loaded: 0)
System memory in use before: 192.1 MB.
System memory in use after: 191.6 MB.

Unloading 23 unused Assets to reduce memory usage. Loaded Objects now: 3395.
Total: 2.673200 ms (FindLiveObjects: 0.363300 ms CreateObjectMapping: 0.154300 ms MarkObjects: 1.813600 ms  DeleteObjects: 0.340600 ms)

========================================================================
Received Prepare
Registering precompiled user dll's ...
Registered in 0.020574 seconds.
Begin MonoManager ReloadAssembly
Native extension for WindowsStandalone target not found
Native extension for OSXStandalone target not found
Refreshing native plugins compatible for Editor in 11.43 ms, found 1 plugins.
Preloading 0 native plugins for Editor in 0.00 ms.
Invoked RoslynAnalysisRunner static constructor.
RoslynAnalysisRunner will not be running.
RoslynAnalysisRunner has terminated.
Mono: successfully reloaded assembly
- Completed reload, in 35.439 seconds
Platform modules already initialized, skipping
Refreshing native plugins compatible for Editor in 10.13 ms, found 1 plugins.
Preloading 0 native plugins for Editor in 0.00 ms.
Unloading 2831 Unused Serialized files (Serialized files now loaded: 0)
System memory in use before: 192.2 MB.
System memory in use after: 191.7 MB.

Unloading 23 unused Assets to reduce memory usage. Loaded Objects now: 3398.
Total: 5.638000 ms (FindLiveObjects: 0.369300 ms CreateObjectMapping: 0.306600 ms MarkObjects: 3.919700 ms  DeleteObjects: 1.040200 ms)

AssetImportWorkerClient::OnTransportError - code=2 error=End of file
